mode: atomic
github.com/zauberhaus/lookup/error.go:20.40,22.2 1 1
github.com/zauberhaus/lookup/lookup.go:33.49,38.24 3 39
github.com/zauberhaus/lookup/lookup.go:38.24,40.3 1 1
github.com/zauberhaus/lookup/lookup.go:42.2,43.16 2 38
github.com/zauberhaus/lookup/lookup.go:43.16,45.3 1 5
github.com/zauberhaus/lookup/lookup.go:47.2,47.34 1 33
github.com/zauberhaus/lookup/lookup.go:50.45,55.24 3 519
github.com/zauberhaus/lookup/lookup.go:55.24,57.3 1 1
github.com/zauberhaus/lookup/lookup.go:59.2,59.39 1 518
github.com/zauberhaus/lookup/lookup.go:62.48,67.24 3 8
github.com/zauberhaus/lookup/lookup.go:67.24,69.3 1 1
github.com/zauberhaus/lookup/lookup.go:71.2,71.25 1 7
github.com/zauberhaus/lookup/lookup.go:71.25,73.3 1 1
github.com/zauberhaus/lookup/lookup.go:75.2,75.42 1 6
github.com/zauberhaus/lookup/lookup.go:78.56,84.24 3 277
github.com/zauberhaus/lookup/lookup.go:84.24,86.3 1 1
github.com/zauberhaus/lookup/lookup.go:88.2,88.25 1 276
github.com/zauberhaus/lookup/lookup.go:88.25,90.3 1 1
github.com/zauberhaus/lookup/lookup.go:92.2,92.41 1 275
github.com/zauberhaus/lookup/lookup.go:95.82,96.20 1 872
github.com/zauberhaus/lookup/lookup.go:96.20,98.3 1 2
github.com/zauberhaus/lookup/lookup.go:100.2,102.34 2 870
github.com/zauberhaus/lookup/lookup.go:102.34,104.3 1 851
github.com/zauberhaus/lookup/lookup.go:106.2,106.24 1 870
github.com/zauberhaus/lookup/lookup.go:106.24,108.3 1 0
github.com/zauberhaus/lookup/lookup.go:110.2,116.23 5 870
github.com/zauberhaus/lookup/lookup.go:116.23,120.3 2 119
github.com/zauberhaus/lookup/lookup.go:122.2,127.36 5 870
github.com/zauberhaus/lookup/lookup.go:127.36,130.40 3 1015
github.com/zauberhaus/lookup/lookup.go:130.40,131.27 1 867
github.com/zauberhaus/lookup/lookup.go:131.27,133.5 1 1
github.com/zauberhaus/lookup/lookup.go:135.4,138.9 4 866
github.com/zauberhaus/lookup/lookup.go:142.2,142.12 1 869
github.com/zauberhaus/lookup/lookup.go:142.12,144.3 1 3
github.com/zauberhaus/lookup/lookup.go:146.2,154.39 5 866
github.com/zauberhaus/lookup/lookup.go:154.39,158.21 3 241
github.com/zauberhaus/lookup/lookup.go:158.21,159.30 1 241
github.com/zauberhaus/lookup/lookup.go:159.30,164.5 4 32
github.com/zauberhaus/lookup/lookup.go:164.10,165.49 1 209
github.com/zauberhaus/lookup/lookup.go:165.49,166.48 1 206
github.com/zauberhaus/lookup/lookup.go:166.48,167.38 1 95
github.com/zauberhaus/lookup/lookup.go:167.38,170.8 2 64
github.com/zauberhaus/lookup/lookup.go:171.12,172.38 1 111
github.com/zauberhaus/lookup/lookup.go:172.38,175.8 2 31
github.com/zauberhaus/lookup/lookup.go:179.5,179.49 1 209
github.com/zauberhaus/lookup/lookup.go:179.49,180.43 1 3
github.com/zauberhaus/lookup/lookup.go:180.43,183.7 2 2
github.com/zauberhaus/lookup/lookup.go:183.12,185.7 1 1
github.com/zauberhaus/lookup/lookup.go:186.11,186.42 1 206
github.com/zauberhaus/lookup/lookup.go:186.42,188.20 2 49
github.com/zauberhaus/lookup/lookup.go:188.20,190.7 1 11
github.com/zauberhaus/lookup/lookup.go:192.6,192.37 1 38
github.com/zauberhaus/lookup/lookup.go:193.11,193.80 1 157
github.com/zauberhaus/lookup/lookup.go:193.80,195.20 2 37
github.com/zauberhaus/lookup/lookup.go:195.20,197.7 1 0
github.com/zauberhaus/lookup/lookup.go:199.6,199.37 1 37
github.com/zauberhaus/lookup/lookup.go:200.11,201.36 1 120
github.com/zauberhaus/lookup/lookup.go:201.36,204.7 2 119
github.com/zauberhaus/lookup/lookup.go:204.12,204.125 1 1
github.com/zauberhaus/lookup/lookup.go:204.125,206.7 1 1
github.com/zauberhaus/lookup/lookup.go:208.6,209.17 2 119
github.com/zauberhaus/lookup/lookup.go:213.9,215.4 1 0
github.com/zauberhaus/lookup/lookup.go:216.8,216.56 1 625
github.com/zauberhaus/lookup/lookup.go:216.56,217.21 1 18
github.com/zauberhaus/lookup/lookup.go:217.21,219.4 1 3
github.com/zauberhaus/lookup/lookup.go:221.3,222.17 2 15
github.com/zauberhaus/lookup/lookup.go:222.17,224.4 1 0
github.com/zauberhaus/lookup/lookup.go:226.3,230.21 3 15
github.com/zauberhaus/lookup/lookup.go:230.21,232.4 1 15
github.com/zauberhaus/lookup/lookup.go:232.9,234.4 1 0
github.com/zauberhaus/lookup/lookup.go:235.8,237.3 1 607
github.com/zauberhaus/lookup/lookup.go:239.2,240.76 2 850
github.com/zauberhaus/lookup/lookup.go:240.76,241.29 1 74
github.com/zauberhaus/lookup/lookup.go:241.29,244.4 2 1
github.com/zauberhaus/lookup/lookup.go:244.9,245.58 1 73
github.com/zauberhaus/lookup/lookup.go:245.58,248.5 2 72
github.com/zauberhaus/lookup/lookup.go:252.2,252.16 1 850
github.com/zauberhaus/lookup/lookup.go:252.16,253.32 1 73
github.com/zauberhaus/lookup/lookup.go:253.32,254.23 1 7
github.com/zauberhaus/lookup/lookup.go:254.23,256.28 2 3
github.com/zauberhaus/lookup/lookup.go:256.28,257.78 1 1
github.com/zauberhaus/lookup/lookup.go:257.78,259.7 1 1
github.com/zauberhaus/lookup/lookup.go:260.6,260.20 1 1
github.com/zauberhaus/lookup/lookup.go:260.20,262.7 1 0
github.com/zauberhaus/lookup/lookup.go:263.11,264.26 1 2
github.com/zauberhaus/lookup/lookup.go:264.26,266.7 1 2
github.com/zauberhaus/lookup/lookup.go:266.12,268.7 1 0
github.com/zauberhaus/lookup/lookup.go:270.10,272.5 1 4
github.com/zauberhaus/lookup/lookup.go:273.9,273.39 1 66
github.com/zauberhaus/lookup/lookup.go:273.39,277.32 3 66
github.com/zauberhaus/lookup/lookup.go:277.32,278.15 1 189
github.com/zauberhaus/lookup/lookup.go:278.15,279.24 1 23
github.com/zauberhaus/lookup/lookup.go:279.24,281.7 1 4
github.com/zauberhaus/lookup/lookup.go:283.6,284.20 2 19
github.com/zauberhaus/lookup/lookup.go:284.20,286.7 1 0
github.com/zauberhaus/lookup/lookup.go:288.6,288.49 1 19
github.com/zauberhaus/lookup/lookup.go:291.5,291.19 1 185
github.com/zauberhaus/lookup/lookup.go:291.19,294.29 2 62
github.com/zauberhaus/lookup/lookup.go:294.29,295.79 1 22
github.com/zauberhaus/lookup/lookup.go:295.79,297.8 1 21
github.com/zauberhaus/lookup/lookup.go:299.7,299.21 1 22
github.com/zauberhaus/lookup/lookup.go:299.21,301.8 1 1
github.com/zauberhaus/lookup/lookup.go:302.12,303.27 1 40
github.com/zauberhaus/lookup/lookup.go:303.27,305.8 1 40
github.com/zauberhaus/lookup/lookup.go:310.4,311.22 2 61
github.com/zauberhaus/lookup/lookup.go:311.22,313.5 1 61
github.com/zauberhaus/lookup/lookup.go:313.10,315.5 1 0
github.com/zauberhaus/lookup/lookup.go:317.4,318.24 2 61
github.com/zauberhaus/lookup/lookup.go:318.24,320.5 1 61
github.com/zauberhaus/lookup/lookup.go:323.8,323.23 1 777
github.com/zauberhaus/lookup/lookup.go:323.23,324.30 1 46
github.com/zauberhaus/lookup/lookup.go:324.30,326.4 1 2
github.com/zauberhaus/lookup/lookup.go:329.3,329.21 1 44
github.com/zauberhaus/lookup/lookup.go:329.21,330.22 1 1
github.com/zauberhaus/lookup/lookup.go:330.22,332.5 1 0
github.com/zauberhaus/lookup/lookup.go:334.4,335.18 2 1
github.com/zauberhaus/lookup/lookup.go:335.18,337.5 1 0
github.com/zauberhaus/lookup/lookup.go:339.4,344.22 4 1
github.com/zauberhaus/lookup/lookup.go:344.22,346.5 1 1
github.com/zauberhaus/lookup/lookup.go:346.10,348.5 1 0
github.com/zauberhaus/lookup/lookup.go:351.3,351.34 1 44
github.com/zauberhaus/lookup/lookup.go:351.34,353.4 1 44
github.com/zauberhaus/lookup/lookup.go:356.3,359.27 3 44
github.com/zauberhaus/lookup/lookup.go:359.27,360.64 1 22
github.com/zauberhaus/lookup/lookup.go:360.64,362.19 2 22
github.com/zauberhaus/lookup/lookup.go:362.19,364.6 1 4
github.com/zauberhaus/lookup/lookup.go:366.5,367.29 2 18
github.com/zauberhaus/lookup/lookup.go:371.3,373.26 2 40
github.com/zauberhaus/lookup/lookup.go:373.26,374.26 1 9
github.com/zauberhaus/lookup/lookup.go:374.26,378.5 3 1
github.com/zauberhaus/lookup/lookup.go:378.10,381.74 2 8
github.com/zauberhaus/lookup/lookup.go:381.74,383.6 1 8
github.com/zauberhaus/lookup/lookup.go:385.5,385.19 1 8
github.com/zauberhaus/lookup/lookup.go:385.19,387.6 1 0
github.com/zauberhaus/lookup/lookup.go:389.9,390.19 1 31
github.com/zauberhaus/lookup/lookup.go:390.19,393.5 2 23
github.com/zauberhaus/lookup/lookup.go:393.10,394.23 1 8
github.com/zauberhaus/lookup/lookup.go:394.23,396.6 1 3
github.com/zauberhaus/lookup/lookup.go:398.5,402.19 4 5
github.com/zauberhaus/lookup/lookup.go:402.19,404.6 1 0
github.com/zauberhaus/lookup/lookup.go:406.5,409.10 4 5
github.com/zauberhaus/lookup/lookup.go:414.2,414.10 1 832
github.com/zauberhaus/lookup/lookup.go:414.10,416.3 1 797
github.com/zauberhaus/lookup/lookup.go:418.2,419.41 2 35
github.com/zauberhaus/lookup/lookup.go:422.156,423.15 1 31
github.com/zauberhaus/lookup/lookup.go:423.15,424.31 1 31
github.com/zauberhaus/lookup/lookup.go:424.31,425.30 1 0
github.com/zauberhaus/lookup/lookup.go:425.30,427.5 1 0
github.com/zauberhaus/lookup/lookup.go:431.2,433.21 2 31
github.com/zauberhaus/lookup/lookup.go:433.21,435.3 1 0
github.com/zauberhaus/lookup/lookup.go:437.2,437.46 1 31
github.com/zauberhaus/lookup/lookup.go:437.46,438.29 1 1
github.com/zauberhaus/lookup/lookup.go:438.29,441.4 2 0
github.com/zauberhaus/lookup/lookup.go:441.9,443.4 1 1
github.com/zauberhaus/lookup/lookup.go:444.8,444.39 1 30
github.com/zauberhaus/lookup/lookup.go:444.39,446.17 2 14
github.com/zauberhaus/lookup/lookup.go:446.17,448.4 1 0
github.com/zauberhaus/lookup/lookup.go:450.3,452.21 3 14
github.com/zauberhaus/lookup/lookup.go:453.8,454.33 1 16
github.com/zauberhaus/lookup/lookup.go:454.33,457.4 2 12
github.com/zauberhaus/lookup/lookup.go:457.9,457.89 1 4
github.com/zauberhaus/lookup/lookup.go:457.89,459.4 1 0
github.com/zauberhaus/lookup/lookup.go:461.3,462.23 2 16
github.com/zauberhaus/lookup/lookup.go:466.34,470.54 3 843
github.com/zauberhaus/lookup/lookup.go:470.54,471.40 1 4933
github.com/zauberhaus/lookup/lookup.go:471.40,473.4 1 50
github.com/zauberhaus/lookup/lookup.go:475.3,475.15 1 4933
github.com/zauberhaus/lookup/lookup.go:475.15,477.4 1 119
github.com/zauberhaus/lookup/lookup.go:479.3,479.15 1 4933
github.com/zauberhaus/lookup/lookup.go:479.15,481.4 1 119
github.com/zauberhaus/lookup/lookup.go:483.3,483.40 1 4933
github.com/zauberhaus/lookup/lookup.go:486.2,486.61 1 843
github.com/zauberhaus/lookup/lookup.go:486.61,488.3 1 881
github.com/zauberhaus/lookup/lookup.go:490.2,490.14 1 843
github.com/zauberhaus/lookup/parser.go:29.43,34.24 4 46
github.com/zauberhaus/lookup/parser.go:34.24,35.12 1 543
github.com/zauberhaus/lookup/parser.go:36.12,37.37 1 44
github.com/zauberhaus/lookup/parser.go:37.37,39.5 1 44
github.com/zauberhaus/lookup/parser.go:40.13,41.31 1 2
github.com/zauberhaus/lookup/parser.go:41.31,43.5 1 2
github.com/zauberhaus/lookup/parser.go:44.12,45.34 1 2
github.com/zauberhaus/lookup/parser.go:45.34,47.5 1 2
github.com/zauberhaus/lookup/parser.go:48.12,49.49 1 2
github.com/zauberhaus/lookup/parser.go:49.49,51.5 1 2
github.com/zauberhaus/lookup/parser.go:52.12,53.49 1 2
github.com/zauberhaus/lookup/parser.go:53.49,55.5 1 2
github.com/zauberhaus/lookup/parser.go:56.12,57.49 1 8
github.com/zauberhaus/lookup/parser.go:57.49,59.5 1 8
github.com/zauberhaus/lookup/parser.go:60.12,61.49 1 8
github.com/zauberhaus/lookup/parser.go:61.49,63.5 1 8
github.com/zauberhaus/lookup/parser.go:64.12,65.75 1 89
github.com/zauberhaus/lookup/parser.go:65.75,68.5 2 76
github.com/zauberhaus/lookup/parser.go:71.2,72.15 2 46
github.com/zauberhaus/lookup/parser.go:75.74,76.29 1 351
github.com/zauberhaus/lookup/parser.go:76.29,77.19 1 3
github.com/zauberhaus/lookup/parser.go:77.19,79.4 1 2
github.com/zauberhaus/lookup/parser.go:82.2,82.11 1 349
github.com/zauberhaus/lookup/parser.go:83.33,84.18 1 47
github.com/zauberhaus/lookup/parser.go:86.34,87.19 1 9
github.com/zauberhaus/lookup/parser.go:90.2,91.15 2 293
github.com/zauberhaus/lookup/parser.go:91.15,92.24 1 61
github.com/zauberhaus/lookup/parser.go:92.24,95.18 3 7
github.com/zauberhaus/lookup/parser.go:95.18,97.5 1 1
github.com/zauberhaus/lookup/parser.go:99.4,99.17 1 6
github.com/zauberhaus/lookup/parser.go:100.9,100.31 1 54
github.com/zauberhaus/lookup/parser.go:100.31,108.18 4 2
github.com/zauberhaus/lookup/parser.go:108.18,110.5 1 1
github.com/zauberhaus/lookup/parser.go:112.4,112.17 1 1
github.com/zauberhaus/lookup/parser.go:114.8,116.31 2 232
github.com/zauberhaus/lookup/parser.go:116.31,119.18 3 19
github.com/zauberhaus/lookup/parser.go:119.18,121.5 1 4
github.com/zauberhaus/lookup/parser.go:123.4,123.36 1 15
github.com/zauberhaus/lookup/parser.go:124.9,124.38 1 213
github.com/zauberhaus/lookup/parser.go:124.38,132.18 4 2
github.com/zauberhaus/lookup/parser.go:132.18,134.5 1 1
github.com/zauberhaus/lookup/parser.go:136.4,136.36 1 1
github.com/zauberhaus/lookup/parser.go:140.2,140.15 1 263
github.com/zauberhaus/lookup/parser.go:140.15,142.3 1 52
github.com/zauberhaus/lookup/parser.go:144.2,144.11 1 263
github.com/zauberhaus/lookup/parser.go:145.40,147.17 2 7
github.com/zauberhaus/lookup/parser.go:147.17,149.4 1 2
github.com/zauberhaus/lookup/parser.go:151.3,151.16 1 5
github.com/zauberhaus/lookup/parser.go:151.16,153.4 1 1
github.com/zauberhaus/lookup/parser.go:153.9,155.4 1 4
github.com/zauberhaus/lookup/parser.go:156.43,158.17 2 4
github.com/zauberhaus/lookup/parser.go:158.17,160.4 1 1
github.com/zauberhaus/lookup/parser.go:162.3,162.16 1 3
github.com/zauberhaus/lookup/parser.go:162.16,164.4 1 1
github.com/zauberhaus/lookup/parser.go:164.9,164.22 1 2
github.com/zauberhaus/lookup/parser.go:164.22,166.4 1 2
github.com/zauberhaus/lookup/parser.go:166.9,168.4 1 0
github.com/zauberhaus/lookup/parser.go:169.36,171.17 2 4
github.com/zauberhaus/lookup/parser.go:171.17,173.4 1 1
github.com/zauberhaus/lookup/parser.go:175.3,175.16 1 3
github.com/zauberhaus/lookup/parser.go:175.16,177.4 1 1
github.com/zauberhaus/lookup/parser.go:177.9,177.22 1 2
github.com/zauberhaus/lookup/parser.go:177.22,179.4 1 2
github.com/zauberhaus/lookup/parser.go:179.9,181.4 1 0
github.com/zauberhaus/lookup/parser.go:184.2,184.18 1 248
github.com/zauberhaus/lookup/parser.go:185.22,188.24 2 6
github.com/zauberhaus/lookup/parser.go:188.24,190.4 1 6
github.com/zauberhaus/lookup/parser.go:192.3,192.16 1 6
github.com/zauberhaus/lookup/parser.go:192.16,194.4 1 3
github.com/zauberhaus/lookup/parser.go:194.9,196.4 1 3
github.com/zauberhaus/lookup/parser.go:198.20,200.17 2 8
github.com/zauberhaus/lookup/parser.go:200.17,202.4 1 2
github.com/zauberhaus/lookup/parser.go:204.3,204.34 1 6
github.com/zauberhaus/lookup/parser.go:206.20,208.17 2 6
github.com/zauberhaus/lookup/parser.go:208.17,210.4 1 2
github.com/zauberhaus/lookup/parser.go:212.3,212.34 1 4
github.com/zauberhaus/lookup/parser.go:214.21,216.17 2 5
github.com/zauberhaus/lookup/parser.go:216.17,218.4 1 1
github.com/zauberhaus/lookup/parser.go:220.3,220.34 1 4
github.com/zauberhaus/lookup/parser.go:222.21,224.17 2 5
github.com/zauberhaus/lookup/parser.go:224.17,226.4 1 1
github.com/zauberhaus/lookup/parser.go:228.3,228.34 1 4
github.com/zauberhaus/lookup/parser.go:230.21,232.17 2 8
github.com/zauberhaus/lookup/parser.go:232.17,234.4 1 2
github.com/zauberhaus/lookup/parser.go:236.3,236.34 1 6
github.com/zauberhaus/lookup/parser.go:238.19,240.17 2 87
github.com/zauberhaus/lookup/parser.go:240.17,242.4 1 11
github.com/zauberhaus/lookup/parser.go:244.3,244.34 1 76
github.com/zauberhaus/lookup/parser.go:246.20,248.17 2 3
github.com/zauberhaus/lookup/parser.go:248.17,250.4 1 1
github.com/zauberhaus/lookup/parser.go:252.3,252.34 1 2
github.com/zauberhaus/lookup/parser.go:254.21,256.17 2 6
github.com/zauberhaus/lookup/parser.go:256.17,258.4 1 2
github.com/zauberhaus/lookup/parser.go:260.3,260.34 1 4
github.com/zauberhaus/lookup/parser.go:262.22,264.17 2 5
github.com/zauberhaus/lookup/parser.go:264.17,266.4 1 1
github.com/zauberhaus/lookup/parser.go:268.3,268.34 1 4
github.com/zauberhaus/lookup/parser.go:270.22,272.17 2 5
github.com/zauberhaus/lookup/parser.go:272.17,274.4 1 1
github.com/zauberhaus/lookup/parser.go:276.3,276.34 1 4
github.com/zauberhaus/lookup/parser.go:278.22,280.17 2 5
github.com/zauberhaus/lookup/parser.go:280.17,282.4 1 1
github.com/zauberhaus/lookup/parser.go:284.3,284.34 1 4
github.com/zauberhaus/lookup/parser.go:286.23,288.17 2 22
github.com/zauberhaus/lookup/parser.go:288.17,290.4 1 6
github.com/zauberhaus/lookup/parser.go:292.3,292.34 1 16
github.com/zauberhaus/lookup/parser.go:294.23,296.17 2 5
github.com/zauberhaus/lookup/parser.go:296.17,298.4 1 1
github.com/zauberhaus/lookup/parser.go:300.3,300.34 1 4
github.com/zauberhaus/lookup/parser.go:302.25,304.17 2 3
github.com/zauberhaus/lookup/parser.go:304.17,306.4 1 1
github.com/zauberhaus/lookup/parser.go:308.3,308.34 1 2
github.com/zauberhaus/lookup/parser.go:310.26,312.17 2 3
github.com/zauberhaus/lookup/parser.go:312.17,314.4 1 1
github.com/zauberhaus/lookup/parser.go:316.3,316.34 1 2
github.com/zauberhaus/lookup/parser.go:318.21,321.32 2 21
github.com/zauberhaus/lookup/parser.go:321.32,322.36 1 6
github.com/zauberhaus/lookup/parser.go:322.36,325.19 3 5
github.com/zauberhaus/lookup/parser.go:325.19,327.6 1 1
github.com/zauberhaus/lookup/parser.go:329.5,329.18 1 4
github.com/zauberhaus/lookup/parser.go:329.18,331.6 1 2
github.com/zauberhaus/lookup/parser.go:331.11,333.6 1 2
github.com/zauberhaus/lookup/parser.go:337.3,337.20 1 16
github.com/zauberhaus/lookup/parser.go:337.20,340.17 2 3
github.com/zauberhaus/lookup/parser.go:340.17,342.5 1 1
github.com/zauberhaus/lookup/parser.go:342.10,345.5 1 2
github.com/zauberhaus/lookup/parser.go:348.3,351.27 3 13
github.com/zauberhaus/lookup/parser.go:351.27,353.18 2 38
github.com/zauberhaus/lookup/parser.go:353.18,355.5 1 2
github.com/zauberhaus/lookup/parser.go:357.4,357.45 1 36
github.com/zauberhaus/lookup/parser.go:360.3,360.46 1 11
github.com/zauberhaus/lookup/parser.go:362.21,365.32 2 11
github.com/zauberhaus/lookup/parser.go:365.32,366.36 1 5
github.com/zauberhaus/lookup/parser.go:366.36,369.19 3 4
github.com/zauberhaus/lookup/parser.go:369.19,371.6 1 1
github.com/zauberhaus/lookup/parser.go:373.5,376.18 3 3
github.com/zauberhaus/lookup/parser.go:376.18,378.6 1 1
github.com/zauberhaus/lookup/parser.go:378.11,380.6 1 2
github.com/zauberhaus/lookup/parser.go:384.3,384.20 1 7
github.com/zauberhaus/lookup/parser.go:384.20,387.17 2 3
github.com/zauberhaus/lookup/parser.go:387.17,389.5 1 1
github.com/zauberhaus/lookup/parser.go:389.10,392.5 1 2
github.com/zauberhaus/lookup/parser.go:395.3,398.28 3 4
github.com/zauberhaus/lookup/parser.go:398.28,400.4 1 1
github.com/zauberhaus/lookup/parser.go:402.3,402.27 1 3
github.com/zauberhaus/lookup/parser.go:402.27,404.18 2 7
github.com/zauberhaus/lookup/parser.go:404.18,406.5 1 1
github.com/zauberhaus/lookup/parser.go:408.4,408.38 1 6
github.com/zauberhaus/lookup/parser.go:411.3,411.46 1 2
github.com/zauberhaus/lookup/parser.go:413.19,421.27 5 21
github.com/zauberhaus/lookup/parser.go:421.27,423.20 2 42
github.com/zauberhaus/lookup/parser.go:423.20,426.19 2 38
github.com/zauberhaus/lookup/parser.go:426.19,428.6 1 2
github.com/zauberhaus/lookup/parser.go:430.5,431.19 2 36
github.com/zauberhaus/lookup/parser.go:431.19,433.6 1 3
github.com/zauberhaus/lookup/parser.go:435.5,435.58 1 33
github.com/zauberhaus/lookup/parser.go:439.3,439.46 1 16
github.com/zauberhaus/lookup/parser.go:441.22,443.17 2 12
github.com/zauberhaus/lookup/parser.go:443.17,445.4 1 0
github.com/zauberhaus/lookup/parser.go:447.3,448.17 2 12
github.com/zauberhaus/lookup/parser.go:448.17,450.4 1 0
github.com/zauberhaus/lookup/parser.go:452.3,453.17 2 12
github.com/zauberhaus/lookup/parser.go:453.17,455.4 1 2
github.com/zauberhaus/lookup/parser.go:457.3,457.16 1 10
github.com/zauberhaus/lookup/parser.go:457.16,459.4 1 2
github.com/zauberhaus/lookup/parser.go:459.9,463.4 3 8
github.com/zauberhaus/lookup/parser.go:466.2,466.56 1 1
github.com/zauberhaus/lookup/parser.go:470.66,471.28 1 171
github.com/zauberhaus/lookup/parser.go:471.28,472.16 1 59
github.com/zauberhaus/lookup/parser.go:472.16,474.4 1 16
github.com/zauberhaus/lookup/parser.go:474.9,476.4 1 43
github.com/zauberhaus/lookup/parser.go:477.8,479.33 2 112
github.com/zauberhaus/lookup/parser.go:479.33,481.4 1 112
github.com/zauberhaus/lookup/parser.go:483.3,483.16 1 112
github.com/zauberhaus/lookup/parser.go:483.16,485.4 1 23
github.com/zauberhaus/lookup/parser.go:485.9,487.4 1 89
github.com/zauberhaus/lookup/types.go:15.74,18.2 2 0
github.com/zauberhaus/lookup/types.go:20.81,25.2 1 1
github.com/zauberhaus/lookup/types.go:32.74,35.2 2 0
github.com/zauberhaus/lookup/types.go:37.81,42.2 1 0
